mode: set
github.com/JacobJGalloway/switchyard-go/internal/middleware/auth.go:21.58,21.72 1 1
github.com/JacobJGalloway/switchyard-go/internal/middleware/auth.go:27.89,29.16 2 0
github.com/JacobJGalloway/switchyard-go/internal/middleware/auth.go:29.16,31.3 1 0
github.com/JacobJGalloway/switchyard-go/internal/middleware/auth.go:33.2,34.16 2 0
github.com/JacobJGalloway/switchyard-go/internal/middleware/auth.go:34.16,36.3 1 0
github.com/JacobJGalloway/switchyard-go/internal/middleware/auth.go:38.2,43.51 1 0
github.com/JacobJGalloway/switchyard-go/internal/middleware/auth.go:43.51,45.4 1 0
github.com/JacobJGalloway/switchyard-go/internal/middleware/auth.go:47.2,47.16 1 0
github.com/JacobJGalloway/switchyard-go/internal/middleware/auth.go:47.16,49.3 1 0
github.com/JacobJGalloway/switchyard-go/internal/middleware/auth.go:51.2,52.16 2 0
github.com/JacobJGalloway/switchyard-go/internal/middleware/auth.go:52.16,54.3 1 0
github.com/JacobJGalloway/switchyard-go/internal/middleware/auth.go:56.2,56.24 1 0
github.com/JacobJGalloway/switchyard-go/internal/middleware/auth.go:62.75,63.46 1 1
github.com/JacobJGalloway/switchyard-go/internal/middleware/auth.go:63.46,64.72 1 1
github.com/JacobJGalloway/switchyard-go/internal/middleware/auth.go:64.72,66.18 2 1
github.com/JacobJGalloway/switchyard-go/internal/middleware/auth.go:66.18,69.5 2 1
github.com/JacobJGalloway/switchyard-go/internal/middleware/auth.go:70.4,71.11 2 1
github.com/JacobJGalloway/switchyard-go/internal/middleware/auth.go:71.11,74.5 2 1
github.com/JacobJGalloway/switchyard-go/internal/middleware/auth.go:75.4,75.41 1 1
github.com/JacobJGalloway/switchyard-go/internal/middleware/auth.go:75.41,76.24 1 1
github.com/JacobJGalloway/switchyard-go/internal/middleware/auth.go:76.24,79.6 2 1
github.com/JacobJGalloway/switchyard-go/internal/middleware/auth.go:81.4,81.65 1 1
github.com/JacobJGalloway/switchyard-go/internal/middleware/auth.go:86.62,90.2 3 1
