mode: set
github.com/JacobJGalloway/switchyard-go/internal/events/handler.go:76.12,89.2 1 0
github.com/JacobJGalloway/switchyard-go/internal/events/handler.go:93.62,94.23 1 0
github.com/JacobJGalloway/switchyard-go/internal/events/handler.go:94.23,100.12 5 0
github.com/JacobJGalloway/switchyard-go/internal/events/handler.go:100.12,102.4 1 0
github.com/JacobJGalloway/switchyard-go/internal/events/handler.go:104.3,104.62 1 0
github.com/JacobJGalloway/switchyard-go/internal/events/handler.go:104.62,107.4 1 0
github.com/JacobJGalloway/switchyard-go/internal/events/handler.go:109.3,111.17 3 0
github.com/JacobJGalloway/switchyard-go/internal/events/handler.go:116.66,118.61 2 0
github.com/JacobJGalloway/switchyard-go/internal/events/handler.go:118.61,121.3 2 0
github.com/JacobJGalloway/switchyard-go/internal/events/handler.go:123.2,123.51 1 0
github.com/JacobJGalloway/switchyard-go/internal/events/handler.go:123.51,126.3 2 0
github.com/JacobJGalloway/switchyard-go/internal/events/handler.go:128.2,128.36 1 0
github.com/JacobJGalloway/switchyard-go/internal/events/handler.go:132.66,134.2 1 0
github.com/JacobJGalloway/switchyard-go/internal/events/handler.go:137.66,139.2 1 0
github.com/JacobJGalloway/switchyard-go/internal/events/handler.go:146.59,156.16 3 0
github.com/JacobJGalloway/switchyard-go/internal/events/handler.go:156.16,158.3 1 0
github.com/JacobJGalloway/switchyard-go/internal/events/handler.go:159.2,162.16 3 0
github.com/JacobJGalloway/switchyard-go/internal/events/handler.go:162.16,164.3 1 0
github.com/JacobJGalloway/switchyard-go/internal/events/handler.go:165.2,167.38 2 0
github.com/JacobJGalloway/switchyard-go/internal/events/handler.go:167.38,169.3 1 0
github.com/JacobJGalloway/switchyard-go/internal/events/handler.go:171.2,172.63 2 0
github.com/JacobJGalloway/switchyard-go/internal/events/handler.go:172.63,174.3 1 0
github.com/JacobJGalloway/switchyard-go/internal/events/handler.go:176.2,182.12 5 0
github.com/JacobJGalloway/switchyard-go/internal/events/router.go:40.62,41.18 1 1
github.com/JacobJGalloway/switchyard-go/internal/events/router.go:43.23,45.57 2 1
github.com/JacobJGalloway/switchyard-go/internal/events/router.go:45.57,47.4 1 1
github.com/JacobJGalloway/switchyard-go/internal/events/router.go:48.3,48.43 1 1
github.com/JacobJGalloway/switchyard-go/internal/events/router.go:50.25,52.57 2 1
github.com/JacobJGalloway/switchyard-go/internal/events/router.go:52.57,54.4 1 0
github.com/JacobJGalloway/switchyard-go/internal/events/router.go:55.3,55.52 1 1
github.com/JacobJGalloway/switchyard-go/internal/events/router.go:57.32,59.57 2 1
github.com/JacobJGalloway/switchyard-go/internal/events/router.go:59.57,61.4 1 0
github.com/JacobJGalloway/switchyard-go/internal/events/router.go:62.3,62.61 1 1
github.com/JacobJGalloway/switchyard-go/internal/events/router.go:64.34,66.57 2 1
github.com/JacobJGalloway/switchyard-go/internal/events/router.go:66.57,68.4 1 0
github.com/JacobJGalloway/switchyard-go/internal/events/router.go:69.3,69.63 1 1
github.com/JacobJGalloway/switchyard-go/internal/events/router.go:71.31,73.57 2 1
github.com/JacobJGalloway/switchyard-go/internal/events/router.go:73.57,75.4 1 0
github.com/JacobJGalloway/switchyard-go/internal/events/router.go:76.3,76.58 1 1
github.com/JacobJGalloway/switchyard-go/internal/events/router.go:78.32,80.57 2 1
github.com/JacobJGalloway/switchyard-go/internal/events/router.go:80.57,82.4 1 0
github.com/JacobJGalloway/switchyard-go/internal/events/router.go:83.3,83.75 1 1
github.com/JacobJGalloway/switchyard-go/internal/events/router.go:83.75,85.4 1 0
github.com/JacobJGalloway/switchyard-go/internal/events/router.go:86.3,90.5 1 1
github.com/JacobJGalloway/switchyard-go/internal/events/router.go:92.30,94.57 2 1
github.com/JacobJGalloway/switchyard-go/internal/events/router.go:94.57,96.4 1 0
github.com/JacobJGalloway/switchyard-go/internal/events/router.go:97.3,97.57 1 1
github.com/JacobJGalloway/switchyard-go/internal/events/router.go:99.35,101.57 2 1
github.com/JacobJGalloway/switchyard-go/internal/events/router.go:101.57,103.4 1 0
github.com/JacobJGalloway/switchyard-go/internal/events/router.go:104.3,104.64 1 1
github.com/JacobJGalloway/switchyard-go/internal/events/router.go:106.33,108.57 2 1
github.com/JacobJGalloway/switchyard-go/internal/events/router.go:108.57,110.4 1 0
github.com/JacobJGalloway/switchyard-go/internal/events/router.go:111.3,111.62 1 1
github.com/JacobJGalloway/switchyard-go/internal/events/router.go:113.31,115.57 2 1
github.com/JacobJGalloway/switchyard-go/internal/events/router.go:115.57,117.4 1 0
github.com/JacobJGalloway/switchyard-go/internal/events/router.go:118.3,118.74 1 1
github.com/JacobJGalloway/switchyard-go/internal/events/router.go:118.74,120.4 1 0
github.com/JacobJGalloway/switchyard-go/internal/events/router.go:122.3,122.54 1 1
github.com/JacobJGalloway/switchyard-go/internal/events/router.go:122.54,124.4 1 1
github.com/JacobJGalloway/switchyard-go/internal/events/router.go:125.3,125.13 1 1
github.com/JacobJGalloway/switchyard-go/internal/events/router.go:127.30,129.57 2 1
github.com/JacobJGalloway/switchyard-go/internal/events/router.go:129.57,131.4 1 0
github.com/JacobJGalloway/switchyard-go/internal/events/router.go:132.3,132.57 1 1
github.com/JacobJGalloway/switchyard-go/internal/events/router.go:134.10,135.56 1 1
