mode: set
github.com/JacobJGalloway/switchyard-go/internal/handlers/analytics_handler.go:15.75,17.2 1 1
github.com/JacobJGalloway/switchyard-go/internal/handlers/analytics_handler.go:33.79,37.16 3 1
github.com/JacobJGalloway/switchyard-go/internal/handlers/analytics_handler.go:37.16,40.3 2 1
github.com/JacobJGalloway/switchyard-go/internal/handlers/analytics_handler.go:42.2,43.16 2 1
github.com/JacobJGalloway/switchyard-go/internal/handlers/analytics_handler.go:43.16,46.3 2 1
github.com/JacobJGalloway/switchyard-go/internal/handlers/analytics_handler.go:48.2,49.16 2 1
github.com/JacobJGalloway/switchyard-go/internal/handlers/analytics_handler.go:49.16,52.3 2 1
github.com/JacobJGalloway/switchyard-go/internal/handlers/analytics_handler.go:54.2,55.16 2 1
github.com/JacobJGalloway/switchyard-go/internal/handlers/analytics_handler.go:55.16,58.3 2 0
github.com/JacobJGalloway/switchyard-go/internal/handlers/analytics_handler.go:60.2,65.4 1 1
github.com/JacobJGalloway/switchyard-go/internal/handlers/analytics_handler.go:69.85,73.16 3 1
github.com/JacobJGalloway/switchyard-go/internal/handlers/analytics_handler.go:73.16,76.3 2 1
github.com/JacobJGalloway/switchyard-go/internal/handlers/analytics_handler.go:78.2,79.16 2 1
github.com/JacobJGalloway/switchyard-go/internal/handlers/analytics_handler.go:79.16,82.3 2 0
github.com/JacobJGalloway/switchyard-go/internal/handlers/analytics_handler.go:84.2,85.16 2 1
github.com/JacobJGalloway/switchyard-go/internal/handlers/analytics_handler.go:85.16,88.3 2 0
github.com/JacobJGalloway/switchyard-go/internal/handlers/analytics_handler.go:90.2,94.4 1 1
github.com/JacobJGalloway/switchyard-go/internal/handlers/assignment_handler.go:49.22,59.2 1 1
github.com/JacobJGalloway/switchyard-go/internal/handlers/assignment_handler.go:80.76,82.61 2 1
github.com/JacobJGalloway/switchyard-go/internal/handlers/assignment_handler.go:82.61,85.3 2 1
github.com/JacobJGalloway/switchyard-go/internal/handlers/assignment_handler.go:87.2,88.16 2 1
github.com/JacobJGalloway/switchyard-go/internal/handlers/assignment_handler.go:88.16,91.3 2 1
github.com/JacobJGalloway/switchyard-go/internal/handlers/assignment_handler.go:92.2,93.16 2 1
github.com/JacobJGalloway/switchyard-go/internal/handlers/assignment_handler.go:93.16,96.3 2 0
github.com/JacobJGalloway/switchyard-go/internal/handlers/assignment_handler.go:97.2,98.16 2 1
github.com/JacobJGalloway/switchyard-go/internal/handlers/assignment_handler.go:98.16,101.3 2 0
github.com/JacobJGalloway/switchyard-go/internal/handlers/assignment_handler.go:102.2,102.49 1 1
github.com/JacobJGalloway/switchyard-go/internal/handlers/assignment_handler.go:102.49,105.3 2 1
github.com/JacobJGalloway/switchyard-go/internal/handlers/assignment_handler.go:107.2,108.16 2 1
github.com/JacobJGalloway/switchyard-go/internal/handlers/assignment_handler.go:108.16,111.3 2 1
github.com/JacobJGalloway/switchyard-go/internal/handlers/assignment_handler.go:112.2,112.49 1 1
github.com/JacobJGalloway/switchyard-go/internal/handlers/assignment_handler.go:112.49,115.3 2 1
github.com/JacobJGalloway/switchyard-go/internal/handlers/assignment_handler.go:117.2,118.16 2 1
github.com/JacobJGalloway/switchyard-go/internal/handlers/assignment_handler.go:118.16,121.3 2 1
github.com/JacobJGalloway/switchyard-go/internal/handlers/assignment_handler.go:122.2,122.53 1 1
github.com/JacobJGalloway/switchyard-go/internal/handlers/assignment_handler.go:122.53,125.3 2 1
github.com/JacobJGalloway/switchyard-go/internal/handlers/assignment_handler.go:128.2,128.120 1 1
github.com/JacobJGalloway/switchyard-go/internal/handlers/assignment_handler.go:128.120,131.3 2 1
github.com/JacobJGalloway/switchyard-go/internal/handlers/assignment_handler.go:133.2,134.32 2 1
github.com/JacobJGalloway/switchyard-go/internal/handlers/assignment_handler.go:134.32,136.3 1 0
github.com/JacobJGalloway/switchyard-go/internal/handlers/assignment_handler.go:137.2,145.69 2 1
github.com/JacobJGalloway/switchyard-go/internal/handlers/assignment_handler.go:145.69,148.3 2 0
github.com/JacobJGalloway/switchyard-go/internal/handlers/assignment_handler.go:149.2,149.107 1 1
github.com/JacobJGalloway/switchyard-go/internal/handlers/assignment_handler.go:149.107,152.3 2 0
github.com/JacobJGalloway/switchyard-go/internal/handlers/assignment_handler.go:154.2,154.46 1 1
github.com/JacobJGalloway/switchyard-go/internal/handlers/assignment_handler.go:158.73,160.9 2 1
github.com/JacobJGalloway/switchyard-go/internal/handlers/assignment_handler.go:160.9,162.3 1 1
github.com/JacobJGalloway/switchyard-go/internal/handlers/assignment_handler.go:163.2,164.16 2 1
github.com/JacobJGalloway/switchyard-go/internal/handlers/assignment_handler.go:164.16,167.3 2 1
github.com/JacobJGalloway/switchyard-go/internal/handlers/assignment_handler.go:168.2,176.4 4 1
github.com/JacobJGalloway/switchyard-go/internal/handlers/assignment_handler.go:181.76,183.9 2 1
github.com/JacobJGalloway/switchyard-go/internal/handlers/assignment_handler.go:183.9,185.3 1 1
github.com/JacobJGalloway/switchyard-go/internal/handlers/assignment_handler.go:186.2,187.16 2 1
github.com/JacobJGalloway/switchyard-go/internal/handlers/assignment_handler.go:187.16,190.3 2 1
github.com/JacobJGalloway/switchyard-go/internal/handlers/assignment_handler.go:191.2,191.34 1 1
github.com/JacobJGalloway/switchyard-go/internal/handlers/assignment_handler.go:191.34,194.3 2 1
github.com/JacobJGalloway/switchyard-go/internal/handlers/assignment_handler.go:196.2,197.72 2 1
github.com/JacobJGalloway/switchyard-go/internal/handlers/assignment_handler.go:197.72,200.3 2 0
github.com/JacobJGalloway/switchyard-go/internal/handlers/assignment_handler.go:201.2,201.113 1 1
github.com/JacobJGalloway/switchyard-go/internal/handlers/assignment_handler.go:201.113,204.3 2 0
github.com/JacobJGalloway/switchyard-go/internal/handlers/assignment_handler.go:205.2,211.37 2 1
github.com/JacobJGalloway/switchyard-go/internal/handlers/assignment_handler.go:216.77,218.9 2 1
github.com/JacobJGalloway/switchyard-go/internal/handlers/assignment_handler.go:218.9,220.3 1 1
github.com/JacobJGalloway/switchyard-go/internal/handlers/assignment_handler.go:221.2,222.16 2 1
github.com/JacobJGalloway/switchyard-go/internal/handlers/assignment_handler.go:222.16,225.3 2 1
github.com/JacobJGalloway/switchyard-go/internal/handlers/assignment_handler.go:226.2,226.35 1 1
github.com/JacobJGalloway/switchyard-go/internal/handlers/assignment_handler.go:226.35,229.3 2 1
github.com/JacobJGalloway/switchyard-go/internal/handlers/assignment_handler.go:231.2,232.73 2 1
github.com/JacobJGalloway/switchyard-go/internal/handlers/assignment_handler.go:232.73,235.3 2 0
github.com/JacobJGalloway/switchyard-go/internal/handlers/assignment_handler.go:236.2,236.113 1 1
github.com/JacobJGalloway/switchyard-go/internal/handlers/assignment_handler.go:236.113,239.3 2 0
github.com/JacobJGalloway/switchyard-go/internal/handlers/assignment_handler.go:241.2,253.37 4 1
github.com/JacobJGalloway/switchyard-go/internal/handlers/assignment_handler.go:258.85,260.9 2 1
github.com/JacobJGalloway/switchyard-go/internal/handlers/assignment_handler.go:260.9,262.3 1 1
github.com/JacobJGalloway/switchyard-go/internal/handlers/assignment_handler.go:263.2,264.16 2 1
github.com/JacobJGalloway/switchyard-go/internal/handlers/assignment_handler.go:264.16,267.3 2 1
github.com/JacobJGalloway/switchyard-go/internal/handlers/assignment_handler.go:268.2,268.35 1 1
github.com/JacobJGalloway/switchyard-go/internal/handlers/assignment_handler.go:268.35,271.3 2 1
github.com/JacobJGalloway/switchyard-go/internal/handlers/assignment_handler.go:272.2,272.43 1 1
github.com/JacobJGalloway/switchyard-go/internal/handlers/assignment_handler.go:272.43,275.3 2 1
github.com/JacobJGalloway/switchyard-go/internal/handlers/assignment_handler.go:277.2,278.75 2 1
github.com/JacobJGalloway/switchyard-go/internal/handlers/assignment_handler.go:278.75,281.3 2 0
github.com/JacobJGalloway/switchyard-go/internal/handlers/assignment_handler.go:282.2,288.37 2 1
github.com/JacobJGalloway/switchyard-go/internal/handlers/deadhead_handler.go:24.20,29.2 1 1
github.com/JacobJGalloway/switchyard-go/internal/handlers/deadhead_handler.go:40.79,42.20 2 1
github.com/JacobJGalloway/switchyard-go/internal/handlers/deadhead_handler.go:42.20,45.3 2 1
github.com/JacobJGalloway/switchyard-go/internal/handlers/deadhead_handler.go:46.2,47.19 2 1
github.com/JacobJGalloway/switchyard-go/internal/handlers/deadhead_handler.go:47.19,50.3 2 1
github.com/JacobJGalloway/switchyard-go/internal/handlers/deadhead_handler.go:51.2,52.16 2 1
github.com/JacobJGalloway/switchyard-go/internal/handlers/deadhead_handler.go:52.16,55.3 2 1
github.com/JacobJGalloway/switchyard-go/internal/handlers/deadhead_handler.go:57.2,58.16 2 1
github.com/JacobJGalloway/switchyard-go/internal/handlers/deadhead_handler.go:58.16,61.3 2 0
github.com/JacobJGalloway/switchyard-go/internal/handlers/deadhead_handler.go:62.2,62.21 1 1
github.com/JacobJGalloway/switchyard-go/internal/handlers/deadhead_handler.go:62.21,64.3 1 0
github.com/JacobJGalloway/switchyard-go/internal/handlers/deadhead_handler.go:65.2,65.39 1 1
github.com/JacobJGalloway/switchyard-go/internal/handlers/deadhead_handler.go:70.72,72.61 2 1
github.com/JacobJGalloway/switchyard-go/internal/handlers/deadhead_handler.go:72.61,75.3 2 0
github.com/JacobJGalloway/switchyard-go/internal/handlers/deadhead_handler.go:77.2,78.16 2 1
github.com/JacobJGalloway/switchyard-go/internal/handlers/deadhead_handler.go:78.16,81.3 2 1
github.com/JacobJGalloway/switchyard-go/internal/handlers/deadhead_handler.go:82.2,83.16 2 1
github.com/JacobJGalloway/switchyard-go/internal/handlers/deadhead_handler.go:83.16,86.3 2 0
github.com/JacobJGalloway/switchyard-go/internal/handlers/deadhead_handler.go:87.2,87.31 1 1
github.com/JacobJGalloway/switchyard-go/internal/handlers/deadhead_handler.go:87.31,90.3 2 1
github.com/JacobJGalloway/switchyard-go/internal/handlers/deadhead_handler.go:91.2,91.41 1 1
github.com/JacobJGalloway/switchyard-go/internal/handlers/deadhead_handler.go:91.41,94.3 2 1
github.com/JacobJGalloway/switchyard-go/internal/handlers/deadhead_handler.go:98.2,100.41 3 1
github.com/JacobJGalloway/switchyard-go/internal/handlers/deadhead_handler.go:100.41,106.3 2 1
github.com/JacobJGalloway/switchyard-go/internal/handlers/deadhead_handler.go:108.2,117.67 2 1
github.com/JacobJGalloway/switchyard-go/internal/handlers/deadhead_handler.go:117.67,120.3 2 0
github.com/JacobJGalloway/switchyard-go/internal/handlers/deadhead_handler.go:121.2,121.43 1 1
github.com/JacobJGalloway/switchyard-go/internal/handlers/deadhead_handler.go:125.74,127.9 2 1
github.com/JacobJGalloway/switchyard-go/internal/handlers/deadhead_handler.go:127.9,129.3 1 1
github.com/JacobJGalloway/switchyard-go/internal/handlers/deadhead_handler.go:130.2,130.99 1 1
github.com/JacobJGalloway/switchyard-go/internal/handlers/deadhead_handler.go:130.99,133.3 2 0
github.com/JacobJGalloway/switchyard-go/internal/handlers/deadhead_handler.go:134.2,134.37 1 1
github.com/JacobJGalloway/switchyard-go/internal/handlers/driver_handler.go:40.18,50.2 1 1
github.com/JacobJGalloway/switchyard-go/internal/handlers/driver_handler.go:68.72,70.16 2 1
github.com/JacobJGalloway/switchyard-go/internal/handlers/driver_handler.go:70.16,73.3 2 1
github.com/JacobJGalloway/switchyard-go/internal/handlers/driver_handler.go:74.2,75.28 2 1
github.com/JacobJGalloway/switchyard-go/internal/handlers/driver_handler.go:75.28,78.3 2 1
github.com/JacobJGalloway/switchyard-go/internal/handlers/driver_handler.go:79.2,79.40 1 1
github.com/JacobJGalloway/switchyard-go/internal/handlers/driver_handler.go:84.77,86.9 2 1
github.com/JacobJGalloway/switchyard-go/internal/handlers/driver_handler.go:86.9,88.3 1 0
github.com/JacobJGalloway/switchyard-go/internal/handlers/driver_handler.go:89.2,90.16 2 1
github.com/JacobJGalloway/switchyard-go/internal/handlers/driver_handler.go:90.16,93.3 2 1
github.com/JacobJGalloway/switchyard-go/internal/handlers/driver_handler.go:95.2,98.23 3 1
github.com/JacobJGalloway/switchyard-go/internal/handlers/driver_handler.go:98.23,101.17 3 1
github.com/JacobJGalloway/switchyard-go/internal/handlers/driver_handler.go:101.17,105.4 3 1
github.com/JacobJGalloway/switchyard-go/internal/handlers/driver_handler.go:108.2,109.35 2 1
github.com/JacobJGalloway/switchyard-go/internal/handlers/driver_handler.go:115.73,117.9 2 1
github.com/JacobJGalloway/switchyard-go/internal/handlers/driver_handler.go:117.9,119.3 1 0
github.com/JacobJGalloway/switchyard-go/internal/handlers/driver_handler.go:120.2,121.9 2 1
github.com/JacobJGalloway/switchyard-go/internal/handlers/driver_handler.go:121.9,123.3 1 0
github.com/JacobJGalloway/switchyard-go/internal/handlers/driver_handler.go:125.2,131.25 4 1
github.com/JacobJGalloway/switchyard-go/internal/handlers/driver_handler.go:131.25,133.3 1 0
github.com/JacobJGalloway/switchyard-go/internal/handlers/driver_handler.go:135.2,136.16 2 1
github.com/JacobJGalloway/switchyard-go/internal/handlers/driver_handler.go:136.16,139.3 2 1
github.com/JacobJGalloway/switchyard-go/internal/handlers/driver_handler.go:142.2,150.71 2 1
github.com/JacobJGalloway/switchyard-go/internal/handlers/driver_handler.go:150.71,153.3 2 1
github.com/JacobJGalloway/switchyard-go/internal/handlers/driver_handler.go:155.2,155.97 1 1
github.com/JacobJGalloway/switchyard-go/internal/handlers/driver_handler.go:155.97,158.3 2 0
github.com/JacobJGalloway/switchyard-go/internal/handlers/driver_handler.go:161.2,162.94 2 1
github.com/JacobJGalloway/switchyard-go/internal/handlers/driver_handler.go:162.94,165.3 1 0
github.com/JacobJGalloway/switchyard-go/internal/handlers/driver_handler.go:168.2,169.16 2 1
github.com/JacobJGalloway/switchyard-go/internal/handlers/driver_handler.go:169.16,172.30 3 1
github.com/JacobJGalloway/switchyard-go/internal/handlers/driver_handler.go:172.30,173.22 1 1
github.com/JacobJGalloway/switchyard-go/internal/handlers/driver_handler.go:173.22,175.10 2 0
github.com/JacobJGalloway/switchyard-go/internal/handlers/driver_handler.go:177.4,177.25 1 1
github.com/JacobJGalloway/switchyard-go/internal/handlers/driver_handler.go:177.25,179.5 1 0
github.com/JacobJGalloway/switchyard-go/internal/handlers/driver_handler.go:181.3,181.19 1 1
github.com/JacobJGalloway/switchyard-go/internal/handlers/driver_handler.go:181.19,182.22 1 1
github.com/JacobJGalloway/switchyard-go/internal/handlers/driver_handler.go:182.22,184.5 1 0
github.com/JacobJGalloway/switchyard-go/internal/handlers/driver_handler.go:185.4,186.39 2 1
github.com/JacobJGalloway/switchyard-go/internal/handlers/driver_handler.go:186.39,190.5 3 0
github.com/JacobJGalloway/switchyard-go/internal/handlers/driver_handler.go:194.2,194.37 1 1
github.com/JacobJGalloway/switchyard-go/internal/handlers/driver_handler.go:198.78,200.9 2 1
github.com/JacobJGalloway/switchyard-go/internal/handlers/driver_handler.go:200.9,202.3 1 0
github.com/JacobJGalloway/switchyard-go/internal/handlers/driver_handler.go:203.2,204.37 2 1
github.com/JacobJGalloway/switchyard-go/internal/handlers/driver_handler.go:204.37,207.3 2 1
github.com/JacobJGalloway/switchyard-go/internal/handlers/driver_handler.go:208.2,209.16 2 1
github.com/JacobJGalloway/switchyard-go/internal/handlers/driver_handler.go:209.16,212.3 2 0
github.com/JacobJGalloway/switchyard-go/internal/handlers/driver_handler.go:213.2,214.80 2 1
github.com/JacobJGalloway/switchyard-go/internal/handlers/driver_handler.go:218.81,220.9 2 0
github.com/JacobJGalloway/switchyard-go/internal/handlers/driver_handler.go:220.9,222.3 1 0
github.com/JacobJGalloway/switchyard-go/internal/handlers/driver_handler.go:223.2,224.16 2 0
github.com/JacobJGalloway/switchyard-go/internal/handlers/driver_handler.go:224.16,227.3 2 0
github.com/JacobJGalloway/switchyard-go/internal/handlers/driver_handler.go:228.2,230.23 3 0
github.com/JacobJGalloway/switchyard-go/internal/handlers/driver_handler.go:230.23,233.17 3 0
github.com/JacobJGalloway/switchyard-go/internal/handlers/driver_handler.go:233.17,237.4 3 0
github.com/JacobJGalloway/switchyard-go/internal/handlers/driver_handler.go:239.2,242.75 3 0
github.com/JacobJGalloway/switchyard-go/internal/handlers/driver_handler.go:242.75,244.3 1 0
github.com/JacobJGalloway/switchyard-go/internal/handlers/driver_handler.go:248.72,250.9 2 1
github.com/JacobJGalloway/switchyard-go/internal/handlers/driver_handler.go:250.9,252.3 1 0
github.com/JacobJGalloway/switchyard-go/internal/handlers/driver_handler.go:253.2,254.33 2 1
github.com/JacobJGalloway/switchyard-go/internal/handlers/driver_handler.go:254.33,257.3 2 1
github.com/JacobJGalloway/switchyard-go/internal/handlers/driver_handler.go:258.2,258.37 1 1
github.com/JacobJGalloway/switchyard-go/internal/handlers/equipment_handler.go:29.21,31.2 1 1
github.com/JacobJGalloway/switchyard-go/internal/handlers/equipment_handler.go:53.75,55.16 2 1
github.com/JacobJGalloway/switchyard-go/internal/handlers/equipment_handler.go:55.16,58.3 2 1
github.com/JacobJGalloway/switchyard-go/internal/handlers/equipment_handler.go:59.2,59.22 1 1
github.com/JacobJGalloway/switchyard-go/internal/handlers/equipment_handler.go:59.22,61.3 1 1
github.com/JacobJGalloway/switchyard-go/internal/handlers/equipment_handler.go:62.2,62.40 1 1
github.com/JacobJGalloway/switchyard-go/internal/handlers/equipment_handler.go:66.75,68.61 2 1
github.com/JacobJGalloway/switchyard-go/internal/handlers/equipment_handler.go:68.61,71.3 2 1
github.com/JacobJGalloway/switchyard-go/internal/handlers/equipment_handler.go:72.2,72.51 1 1
github.com/JacobJGalloway/switchyard-go/internal/handlers/equipment_handler.go:72.51,75.3 2 1
github.com/JacobJGalloway/switchyard-go/internal/handlers/equipment_handler.go:76.2,76.104 1 1
github.com/JacobJGalloway/switchyard-go/internal/handlers/equipment_handler.go:76.104,79.3 2 1
github.com/JacobJGalloway/switchyard-go/internal/handlers/equipment_handler.go:81.2,89.59 2 1
github.com/JacobJGalloway/switchyard-go/internal/handlers/equipment_handler.go:89.59,92.3 2 1
github.com/JacobJGalloway/switchyard-go/internal/handlers/equipment_handler.go:93.2,93.37 1 1
github.com/JacobJGalloway/switchyard-go/internal/handlers/equipment_handler.go:97.86,99.9 2 1
github.com/JacobJGalloway/switchyard-go/internal/handlers/equipment_handler.go:99.9,101.3 1 1
github.com/JacobJGalloway/switchyard-go/internal/handlers/equipment_handler.go:102.2,103.61 2 1
github.com/JacobJGalloway/switchyard-go/internal/handlers/equipment_handler.go:103.61,106.3 2 1
github.com/JacobJGalloway/switchyard-go/internal/handlers/equipment_handler.go:107.2,107.27 1 1
github.com/JacobJGalloway/switchyard-go/internal/handlers/equipment_handler.go:107.27,110.3 2 1
github.com/JacobJGalloway/switchyard-go/internal/handlers/equipment_handler.go:112.2,113.16 2 1
github.com/JacobJGalloway/switchyard-go/internal/handlers/equipment_handler.go:113.16,116.3 2 1
github.com/JacobJGalloway/switchyard-go/internal/handlers/equipment_handler.go:117.2,117.106 1 1
github.com/JacobJGalloway/switchyard-go/internal/handlers/equipment_handler.go:117.106,120.3 2 1
github.com/JacobJGalloway/switchyard-go/internal/handlers/equipment_handler.go:122.2,129.78 2 1
github.com/JacobJGalloway/switchyard-go/internal/handlers/equipment_handler.go:129.78,132.3 2 1
github.com/JacobJGalloway/switchyard-go/internal/handlers/equipment_handler.go:133.2,133.101 1 1
github.com/JacobJGalloway/switchyard-go/internal/handlers/equipment_handler.go:133.101,136.3 2 1
github.com/JacobJGalloway/switchyard-go/internal/handlers/equipment_handler.go:137.2,137.34 1 1
github.com/JacobJGalloway/switchyard-go/internal/handlers/equipment_handler.go:141.84,143.9 2 1
github.com/JacobJGalloway/switchyard-go/internal/handlers/equipment_handler.go:143.9,145.3 1 1
github.com/JacobJGalloway/switchyard-go/internal/handlers/equipment_handler.go:146.2,147.61 2 1
github.com/JacobJGalloway/switchyard-go/internal/handlers/equipment_handler.go:147.61,150.3 2 1
github.com/JacobJGalloway/switchyard-go/internal/handlers/equipment_handler.go:151.2,151.105 1 1
github.com/JacobJGalloway/switchyard-go/internal/handlers/equipment_handler.go:151.105,154.3 2 1
github.com/JacobJGalloway/switchyard-go/internal/handlers/equipment_handler.go:155.2,155.82 1 1
github.com/JacobJGalloway/switchyard-go/internal/handlers/equipment_handler.go:155.82,158.3 2 1
github.com/JacobJGalloway/switchyard-go/internal/handlers/equipment_handler.go:160.2,161.25 2 1
github.com/JacobJGalloway/switchyard-go/internal/handlers/equipment_handler.go:161.25,163.17 2 1
github.com/JacobJGalloway/switchyard-go/internal/handlers/equipment_handler.go:163.17,166.4 2 1
github.com/JacobJGalloway/switchyard-go/internal/handlers/equipment_handler.go:167.3,167.21 1 1
github.com/JacobJGalloway/switchyard-go/internal/handlers/equipment_handler.go:170.2,179.76 2 1
github.com/JacobJGalloway/switchyard-go/internal/handlers/equipment_handler.go:179.76,182.3 2 1
github.com/JacobJGalloway/switchyard-go/internal/handlers/equipment_handler.go:183.2,183.99 1 1
github.com/JacobJGalloway/switchyard-go/internal/handlers/equipment_handler.go:183.99,186.3 2 1
github.com/JacobJGalloway/switchyard-go/internal/handlers/equipment_handler.go:189.2,189.75 1 1
github.com/JacobJGalloway/switchyard-go/internal/handlers/equipment_handler.go:189.75,199.3 1 1
github.com/JacobJGalloway/switchyard-go/internal/handlers/equipment_handler.go:201.2,201.34 1 1
github.com/JacobJGalloway/switchyard-go/internal/handlers/equipment_handler.go:207.76,209.9 2 1
github.com/JacobJGalloway/switchyard-go/internal/handlers/equipment_handler.go:209.9,211.3 1 1
github.com/JacobJGalloway/switchyard-go/internal/handlers/equipment_handler.go:213.2,219.16 4 1
github.com/JacobJGalloway/switchyard-go/internal/handlers/equipment_handler.go:219.16,222.3 2 1
github.com/JacobJGalloway/switchyard-go/internal/handlers/equipment_handler.go:224.2,225.22 2 1
github.com/JacobJGalloway/switchyard-go/internal/handlers/equipment_handler.go:226.41,228.31 2 1
github.com/JacobJGalloway/switchyard-go/internal/handlers/equipment_handler.go:228.31,231.4 2 1
github.com/JacobJGalloway/switchyard-go/internal/handlers/equipment_handler.go:232.3,232.88 1 1
github.com/JacobJGalloway/switchyard-go/internal/handlers/equipment_handler.go:232.88,235.4 2 1
github.com/JacobJGalloway/switchyard-go/internal/handlers/equipment_handler.go:236.39,238.31 2 1
github.com/JacobJGalloway/switchyard-go/internal/handlers/equipment_handler.go:238.31,241.4 2 1
github.com/JacobJGalloway/switchyard-go/internal/handlers/equipment_handler.go:242.3,242.99 1 1
github.com/JacobJGalloway/switchyard-go/internal/handlers/equipment_handler.go:242.99,245.4 2 1
github.com/JacobJGalloway/switchyard-go/internal/handlers/equipment_handler.go:246.10,248.9 2 1
github.com/JacobJGalloway/switchyard-go/internal/handlers/equipment_handler.go:251.2,251.99 1 1
github.com/JacobJGalloway/switchyard-go/internal/handlers/equipment_handler.go:251.99,254.3 2 1
github.com/JacobJGalloway/switchyard-go/internal/handlers/equipment_handler.go:255.2,255.37 1 1
github.com/JacobJGalloway/switchyard-go/internal/handlers/inventory_handler.go:20.133,22.2 1 1
github.com/JacobJGalloway/switchyard-go/internal/handlers/inventory_handler.go:37.88,46.24 4 1
github.com/JacobJGalloway/switchyard-go/internal/handlers/inventory_handler.go:46.24,48.17 2 1
github.com/JacobJGalloway/switchyard-go/internal/handlers/inventory_handler.go:48.17,51.4 2 0
github.com/JacobJGalloway/switchyard-go/internal/handlers/inventory_handler.go:52.3,52.26 1 1
github.com/JacobJGalloway/switchyard-go/internal/handlers/inventory_handler.go:52.26,58.4 2 1
github.com/JacobJGalloway/switchyard-go/internal/handlers/inventory_handler.go:59.8,61.17 2 1
github.com/JacobJGalloway/switchyard-go/internal/handlers/inventory_handler.go:61.17,64.4 2 1
github.com/JacobJGalloway/switchyard-go/internal/handlers/inventory_handler.go:65.3,65.26 1 1
github.com/JacobJGalloway/switchyard-go/internal/handlers/inventory_handler.go:65.26,71.4 2 1
github.com/JacobJGalloway/switchyard-go/internal/handlers/inventory_handler.go:74.2,84.32 4 1
github.com/JacobJGalloway/switchyard-go/internal/handlers/inventory_handler.go:84.32,86.47 2 1
github.com/JacobJGalloway/switchyard-go/internal/handlers/inventory_handler.go:86.47,89.18 3 1
github.com/JacobJGalloway/switchyard-go/internal/handlers/inventory_handler.go:89.18,92.5 2 1
github.com/JacobJGalloway/switchyard-go/internal/handlers/inventory_handler.go:93.4,94.31 2 1
github.com/JacobJGalloway/switchyard-go/internal/handlers/inventory_handler.go:94.31,95.72 1 1
github.com/JacobJGalloway/switchyard-go/internal/handlers/inventory_handler.go:95.72,97.6 1 1
github.com/JacobJGalloway/switchyard-go/internal/handlers/inventory_handler.go:99.4,99.67 1 1
github.com/JacobJGalloway/switchyard-go/internal/handlers/inventory_handler.go:103.2,108.30 4 1
github.com/JacobJGalloway/switchyard-go/internal/handlers/inventory_handler.go:108.30,109.21 1 1
github.com/JacobJGalloway/switchyard-go/internal/handlers/inventory_handler.go:109.21,112.4 2 1
github.com/JacobJGalloway/switchyard-go/internal/handlers/inventory_handler.go:113.3,114.34 2 1
github.com/JacobJGalloway/switchyard-go/internal/handlers/inventory_handler.go:114.34,116.4 1 1
github.com/JacobJGalloway/switchyard-go/internal/handlers/inventory_handler.go:119.2,122.4 1 1
github.com/JacobJGalloway/switchyard-go/internal/handlers/invoice_handler.go:16.82,18.2 1 1
github.com/JacobJGalloway/switchyard-go/internal/handlers/invoice_handler.go:21.77,23.9 2 1
github.com/JacobJGalloway/switchyard-go/internal/handlers/invoice_handler.go:23.9,25.3 1 1
github.com/JacobJGalloway/switchyard-go/internal/handlers/invoice_handler.go:26.2,27.16 2 1
github.com/JacobJGalloway/switchyard-go/internal/handlers/invoice_handler.go:27.16,30.3 2 1
github.com/JacobJGalloway/switchyard-go/internal/handlers/invoice_handler.go:31.2,31.34 1 1
github.com/JacobJGalloway/switchyard-go/internal/handlers/invoice_handler.go:35.85,37.19 2 1
github.com/JacobJGalloway/switchyard-go/internal/handlers/invoice_handler.go:37.19,40.3 2 0
github.com/JacobJGalloway/switchyard-go/internal/handlers/invoice_handler.go:41.2,42.16 2 1
github.com/JacobJGalloway/switchyard-go/internal/handlers/invoice_handler.go:42.16,45.3 2 1
github.com/JacobJGalloway/switchyard-go/internal/handlers/invoice_handler.go:46.2,46.21 1 1
github.com/JacobJGalloway/switchyard-go/internal/handlers/invoice_handler.go:46.21,48.3 1 1
github.com/JacobJGalloway/switchyard-go/internal/handlers/invoice_handler.go:49.2,49.39 1 1
github.com/JacobJGalloway/switchyard-go/internal/handlers/planbul_handler.go:32.19,34.2 1 1
github.com/JacobJGalloway/switchyard-go/internal/handlers/planbul_handler.go:64.73,66.61 2 1
github.com/JacobJGalloway/switchyard-go/internal/handlers/planbul_handler.go:66.61,69.3 2 1
github.com/JacobJGalloway/switchyard-go/internal/handlers/planbul_handler.go:71.2,72.16 2 1
github.com/JacobJGalloway/switchyard-go/internal/handlers/planbul_handler.go:72.16,75.3 2 1
github.com/JacobJGalloway/switchyard-go/internal/handlers/planbul_handler.go:76.2,76.33 1 1
github.com/JacobJGalloway/switchyard-go/internal/handlers/planbul_handler.go:76.33,79.3 2 1
github.com/JacobJGalloway/switchyard-go/internal/handlers/planbul_handler.go:80.2,80.30 1 1
github.com/JacobJGalloway/switchyard-go/internal/handlers/planbul_handler.go:80.30,83.3 2 1
github.com/JacobJGalloway/switchyard-go/internal/handlers/planbul_handler.go:85.2,86.35 2 1
github.com/JacobJGalloway/switchyard-go/internal/handlers/planbul_handler.go:86.35,91.3 1 1
github.com/JacobJGalloway/switchyard-go/internal/handlers/planbul_handler.go:93.2,102.16 2 1
github.com/JacobJGalloway/switchyard-go/internal/handlers/planbul_handler.go:102.16,105.3 2 1
github.com/JacobJGalloway/switchyard-go/internal/handlers/planbul_handler.go:107.2,107.40 1 1
github.com/JacobJGalloway/switchyard-go/internal/handlers/planbul_handler.go:111.70,113.9 2 1
github.com/JacobJGalloway/switchyard-go/internal/handlers/planbul_handler.go:113.9,115.3 1 1
github.com/JacobJGalloway/switchyard-go/internal/handlers/planbul_handler.go:116.2,117.16 2 1
github.com/JacobJGalloway/switchyard-go/internal/handlers/planbul_handler.go:117.16,120.3 2 1
github.com/JacobJGalloway/switchyard-go/internal/handlers/planbul_handler.go:121.2,122.16 2 1
github.com/JacobJGalloway/switchyard-go/internal/handlers/planbul_handler.go:122.16,125.3 2 0
github.com/JacobJGalloway/switchyard-go/internal/handlers/planbul_handler.go:126.2,126.81 1 1
github.com/JacobJGalloway/switchyard-go/internal/handlers/planbul_handler.go:132.75,134.9 2 1
github.com/JacobJGalloway/switchyard-go/internal/handlers/planbul_handler.go:134.9,136.3 1 1
github.com/JacobJGalloway/switchyard-go/internal/handlers/planbul_handler.go:137.2,138.16 2 1
github.com/JacobJGalloway/switchyard-go/internal/handlers/planbul_handler.go:138.16,141.3 2 1
github.com/JacobJGalloway/switchyard-go/internal/handlers/planbul_handler.go:142.2,142.71 1 1
github.com/JacobJGalloway/switchyard-go/internal/handlers/planbul_handler.go:148.80,150.9 2 1
github.com/JacobJGalloway/switchyard-go/internal/handlers/planbul_handler.go:150.9,152.3 1 1
github.com/JacobJGalloway/switchyard-go/internal/handlers/planbul_handler.go:153.2,154.16 2 1
github.com/JacobJGalloway/switchyard-go/internal/handlers/planbul_handler.go:154.16,157.3 2 1
github.com/JacobJGalloway/switchyard-go/internal/handlers/planbul_handler.go:158.2,158.46 1 1
github.com/JacobJGalloway/switchyard-go/internal/handlers/planbul_handler.go:158.46,161.3 2 1
github.com/JacobJGalloway/switchyard-go/internal/handlers/planbul_handler.go:162.2,162.98 1 1
github.com/JacobJGalloway/switchyard-go/internal/handlers/planbul_handler.go:162.98,165.3 2 0
github.com/JacobJGalloway/switchyard-go/internal/handlers/planbul_handler.go:166.2,166.37 1 1
github.com/JacobJGalloway/switchyard-go/internal/handlers/planbul_handler.go:176.73,178.9 2 1
github.com/JacobJGalloway/switchyard-go/internal/handlers/planbul_handler.go:178.9,180.3 1 1
github.com/JacobJGalloway/switchyard-go/internal/handlers/planbul_handler.go:181.2,182.61 2 1
github.com/JacobJGalloway/switchyard-go/internal/handlers/planbul_handler.go:182.61,185.3 2 0
github.com/JacobJGalloway/switchyard-go/internal/handlers/planbul_handler.go:186.2,186.100 1 1
github.com/JacobJGalloway/switchyard-go/internal/handlers/planbul_handler.go:186.100,189.3 2 1
github.com/JacobJGalloway/switchyard-go/internal/handlers/planbul_handler.go:191.2,192.16 2 1
github.com/JacobJGalloway/switchyard-go/internal/handlers/planbul_handler.go:192.16,195.3 2 1
github.com/JacobJGalloway/switchyard-go/internal/handlers/planbul_handler.go:196.2,196.53 1 1
github.com/JacobJGalloway/switchyard-go/internal/handlers/planbul_handler.go:196.53,199.3 2 1
github.com/JacobJGalloway/switchyard-go/internal/handlers/planbul_handler.go:201.2,202.16 2 1
github.com/JacobJGalloway/switchyard-go/internal/handlers/planbul_handler.go:202.16,205.3 2 0
github.com/JacobJGalloway/switchyard-go/internal/handlers/planbul_handler.go:207.2,214.16 2 1
github.com/JacobJGalloway/switchyard-go/internal/handlers/planbul_handler.go:214.16,217.3 2 1
github.com/JacobJGalloway/switchyard-go/internal/handlers/planbul_handler.go:219.2,219.83 1 1
github.com/JacobJGalloway/switchyard-go/internal/handlers/planbul_handler.go:219.83,222.3 2 0
github.com/JacobJGalloway/switchyard-go/internal/handlers/planbul_handler.go:223.2,223.93 1 1
github.com/JacobJGalloway/switchyard-go/internal/handlers/planbul_handler.go:223.93,226.3 2 0
github.com/JacobJGalloway/switchyard-go/internal/handlers/planbul_handler.go:228.2,228.72 1 1
github.com/JacobJGalloway/switchyard-go/internal/handlers/planbul_handler.go:233.77,235.9 2 1
github.com/JacobJGalloway/switchyard-go/internal/handlers/planbul_handler.go:235.9,237.3 1 1
github.com/JacobJGalloway/switchyard-go/internal/handlers/planbul_handler.go:238.2,239.16 2 1
github.com/JacobJGalloway/switchyard-go/internal/handlers/planbul_handler.go:239.16,242.3 2 1
github.com/JacobJGalloway/switchyard-go/internal/handlers/planbul_handler.go:243.2,243.48 1 1
github.com/JacobJGalloway/switchyard-go/internal/handlers/planbul_handler.go:243.48,246.3 2 1
github.com/JacobJGalloway/switchyard-go/internal/handlers/planbul_handler.go:247.2,247.95 1 1
github.com/JacobJGalloway/switchyard-go/internal/handlers/planbul_handler.go:247.95,250.3 2 0
github.com/JacobJGalloway/switchyard-go/internal/handlers/planbul_handler.go:251.2,251.37 1 1
github.com/JacobJGalloway/switchyard-go/internal/handlers/planbul_handler.go:255.83,257.9 2 1
github.com/JacobJGalloway/switchyard-go/internal/handlers/planbul_handler.go:257.9,259.3 1 1
github.com/JacobJGalloway/switchyard-go/internal/handlers/planbul_handler.go:260.2,261.16 2 1
github.com/JacobJGalloway/switchyard-go/internal/handlers/planbul_handler.go:261.16,264.3 2 0
github.com/JacobJGalloway/switchyard-go/internal/handlers/planbul_handler.go:265.2,265.20 1 1
github.com/JacobJGalloway/switchyard-go/internal/handlers/planbul_handler.go:265.20,267.3 1 1
github.com/JacobJGalloway/switchyard-go/internal/handlers/planbul_handler.go:268.2,268.38 1 1
github.com/JacobJGalloway/switchyard-go/internal/handlers/planbul_handler.go:272.80,274.9 2 1
github.com/JacobJGalloway/switchyard-go/internal/handlers/planbul_handler.go:274.9,276.3 1 1
github.com/JacobJGalloway/switchyard-go/internal/handlers/planbul_handler.go:277.2,278.16 2 1
github.com/JacobJGalloway/switchyard-go/internal/handlers/planbul_handler.go:278.16,281.3 2 0
github.com/JacobJGalloway/switchyard-go/internal/handlers/planbul_handler.go:282.2,282.22 1 1
github.com/JacobJGalloway/switchyard-go/internal/handlers/planbul_handler.go:282.22,284.3 1 1
github.com/JacobJGalloway/switchyard-go/internal/handlers/planbul_handler.go:285.2,285.40 1 1
github.com/JacobJGalloway/switchyard-go/internal/handlers/planbul_handler.go:292.81,294.9 2 1
github.com/JacobJGalloway/switchyard-go/internal/handlers/planbul_handler.go:294.9,296.3 1 1
github.com/JacobJGalloway/switchyard-go/internal/handlers/planbul_handler.go:297.2,298.16 2 1
github.com/JacobJGalloway/switchyard-go/internal/handlers/planbul_handler.go:298.16,301.3 2 1
github.com/JacobJGalloway/switchyard-go/internal/handlers/planbul_handler.go:302.2,302.50 1 1
github.com/JacobJGalloway/switchyard-go/internal/handlers/planbul_handler.go:302.50,305.3 2 1
github.com/JacobJGalloway/switchyard-go/internal/handlers/planbul_handler.go:307.2,308.16 2 1
github.com/JacobJGalloway/switchyard-go/internal/handlers/planbul_handler.go:308.16,311.3 2 0
github.com/JacobJGalloway/switchyard-go/internal/handlers/planbul_handler.go:313.2,314.26 2 1
github.com/JacobJGalloway/switchyard-go/internal/handlers/planbul_handler.go:314.26,315.28 1 1
github.com/JacobJGalloway/switchyard-go/internal/handlers/planbul_handler.go:315.28,317.4 1 0
github.com/JacobJGalloway/switchyard-go/internal/handlers/planbul_handler.go:320.2,327.64 2 1
github.com/JacobJGalloway/switchyard-go/internal/handlers/planbul_handler.go:327.64,330.3 2 0
github.com/JacobJGalloway/switchyard-go/internal/handlers/planbul_handler.go:331.2,331.40 1 1
github.com/JacobJGalloway/switchyard-go/internal/handlers/planbul_handler.go:338.84,340.29 2 1
github.com/JacobJGalloway/switchyard-go/internal/handlers/planbul_handler.go:340.29,341.50 1 1
github.com/JacobJGalloway/switchyard-go/internal/handlers/planbul_handler.go:341.50,342.12 1 1
github.com/JacobJGalloway/switchyard-go/internal/handlers/planbul_handler.go:344.3,345.44 2 1
github.com/JacobJGalloway/switchyard-go/internal/handlers/planbul_handler.go:345.44,347.4 1 1
github.com/JacobJGalloway/switchyard-go/internal/handlers/planbul_handler.go:348.3,348.44 1 1
github.com/JacobJGalloway/switchyard-go/internal/handlers/planbul_handler.go:348.44,354.4 1 1
github.com/JacobJGalloway/switchyard-go/internal/handlers/planbul_handler.go:356.2,356.16 1 1
github.com/JacobJGalloway/switchyard-go/internal/handlers/respond.go:10.58,14.2 3 1
github.com/JacobJGalloway/switchyard-go/internal/handlers/respond.go:16.64,18.2 1 1
github.com/JacobJGalloway/switchyard-go/internal/handlers/respond.go:22.69,24.16 2 1
github.com/JacobJGalloway/switchyard-go/internal/handlers/respond.go:24.16,27.3 2 1
github.com/JacobJGalloway/switchyard-go/internal/handlers/respond.go:28.2,28.17 1 1
github.com/JacobJGalloway/switchyard-go/internal/handlers/whiteboard_handler.go:23.110,25.2 1 1
github.com/JacobJGalloway/switchyard-go/internal/handlers/whiteboard_handler.go:34.78,36.16 2 1
github.com/JacobJGalloway/switchyard-go/internal/handlers/whiteboard_handler.go:36.16,39.3 2 1
github.com/JacobJGalloway/switchyard-go/internal/handlers/whiteboard_handler.go:40.2,40.36 1 1
github.com/JacobJGalloway/switchyard-go/internal/handlers/whiteboard_handler.go:44.82,46.16 2 0
github.com/JacobJGalloway/switchyard-go/internal/handlers/whiteboard_handler.go:46.16,49.3 2 0
github.com/JacobJGalloway/switchyard-go/internal/handlers/whiteboard_handler.go:50.2,54.17 2 0
github.com/JacobJGalloway/switchyard-go/internal/handlers/whiteboard_handler.go:54.17,56.3 1 0
github.com/JacobJGalloway/switchyard-go/internal/handlers/whiteboard_handler.go:60.79,62.16 2 1
github.com/JacobJGalloway/switchyard-go/internal/handlers/whiteboard_handler.go:62.16,65.3 2 1
github.com/JacobJGalloway/switchyard-go/internal/handlers/whiteboard_handler.go:66.2,66.37 1 1
